This file contains any messages produced by compilers while
running configure, to aid debugging if configure makes a mistake.

It was created by COFF2NOFF configure 1.0, which was
generated by GNU Autoconf 2.52.  Invocation command line was

  $ ./configure 

## ---------- ##
## Platform.  ##
## ---------- ##

hostname = minjisgear
uname -m = x86_64
uname -r = 5.9.1-artix1-1
uname -s = Linux
uname -v = #1 SMP PREEMPT Sat, 17 Oct 2020 18:30:26 +0000

/usr/bin/uname -p = unknown
/bin/uname -X     = unknown

/bin/arch              = unknown
/usr/bin/arch -k       = unknown
/usr/convex/getsysinfo = unknown
hostinfo               = unknown
/bin/machine           = unknown
/usr/bin/oslevel       = unknown
/bin/universe          = unknown

PATH = /usr/local/bin:/usr/bin:/bin:/usr/local/sbin:/usr/lib/jvm/default/bin:/usr/bin/site_perl:/usr/bin/vendor_perl:/usr/bin/core_perl

## ------------ ##
## Core tests.  ##
## ------------ ##

configure:916: PATH=".;."; conftest.sh
./configure: line 917: conftest.sh: command not found
configure:919: $? = 127
configure:974: checking for gcc
configure:989: found /usr/bin/gcc
configure:997: result: gcc
configure:1225: checking for C compiler version
configure:1228: gcc --version </dev/null >&5
gcc (GCC) 10.2.0
Copyright (C) 2020 Free Software Foundation, Inc.
This is free software; see the source for copying conditions.  There is NO
warranty; not even for MERCHANTABILITY or FITNESS FOR A PARTICULAR PURPOSE.

configure:1231: $? = 0
configure:1233: gcc -v </dev/null >&5
Using built-in specs.
COLLECT_GCC=gcc
COLLECT_LTO_WRAPPER=/usr/lib/gcc/x86_64-pc-linux-gnu/10.2.0/lto-wrapper
Target: x86_64-pc-linux-gnu
Configured with: /build/gcc/src/gcc/configure --prefix=/usr --libdir=/usr/lib --libexecdir=/usr/lib --mandir=/usr/share/man --infodir=/usr/share/info --with-bugurl=https://bugs.archlinux.org/ --enable-languages=c,c++,ada,fortran,go,lto,objc,obj-c++,d --with-isl --with-linker-hash-style=gnu --with-system-zlib --enable-__cxa_atexit --enable-cet=auto --enable-checking=release --enable-clocale=gnu --enable-default-pie --enable-default-ssp --enable-gnu-indirect-function --enable-gnu-unique-object --enable-install-libiberty --enable-linker-build-id --enable-lto --enable-multilib --enable-plugin --enable-shared --enable-threads=posix --disable-libssp --disable-libstdcxx-pch --disable-libunwind-exceptions --disable-werror gdc_include_dir=/usr/include/dlang/gdc
Thread model: posix
Supported LTO compression algorithms: zlib zstd
gcc version 10.2.0 (GCC) 
configure:1236: $? = 0
configure:1238: gcc -V </dev/null >&5
gcc: error: unrecognized command-line option '-V'
gcc: fatal error: no input files
compilation terminated.
configure:1241: $? = 1
configure:1261: checking for C compiler default output
configure:1264: gcc    conftest.c  >&5
configure:1267: $? = 0
configure:1296: result: a.out
configure:1301: checking whether the C compiler works
configure:1307: ./a.out
configure:1310: $? = 0
configure:1325: result: yes
configure:1332: checking whether we are cross compiling
configure:1334: result: no
configure:1337: checking for executable suffix
configure:1339: gcc -o conftest    conftest.c  >&5
configure:1342: $? = 0
configure:1364: result: 
configure:1370: checking for object suffix
configure:1388: gcc -c   conftest.c >&5
configure:1391: $? = 0
configure:1410: result: o
configure:1414: checking whether we are using the GNU C compiler
configure:1435: gcc -c   conftest.c >&5
configure:1438: $? = 0
configure:1441: test -s conftest.o
configure:1444: $? = 0
configure:1456: result: yes
configure:1462: checking whether gcc accepts -g
configure:1480: gcc -c -g  conftest.c >&5
configure:1483: $? = 0
configure:1486: test -s conftest.o
configure:1489: $? = 0
configure:1499: result: yes
configure:1526: gcc -c -g -O2  conftest.c >&5
conftest.c:2:3: error: unknown type name 'choke'
    2 |   choke me
      |   ^~~~~
conftest.c:2:3: error: expected '=', ',', ';', 'asm' or '__attribute__' at end of input
configure:1529: $? = 1
configure: failed program was:
#ifndef __cplusplus
  choke me
#endif
configure:1671: checking for strip
configure:1686: found /usr/bin/strip
configure:1694: result: strip
configure:1751: checking for ld
configure:1766: found /usr/bin/ld
configure:1774: result: ld
configure:1796: checking how to run the C preprocessor
configure:1822: gcc -E  conftest.c
configure:1828: $? = 0
configure:1855: gcc -E  conftest.c
configure:1852:10: fatal error: ac_nonexistent.h: No such file or directory
 1852 | #include "confdefs.h"
      |          ^~~~~~~~~~~~      
compilation terminated.
configure:1861: $? = 1
configure: failed program was:
#line 1851 "configure"
#include "confdefs.h"
#include <ac_nonexistent.h>
configure:1898: result: gcc -E
configure:1913: gcc -E  conftest.c
configure:1919: $? = 0
configure:1946: gcc -E  conftest.c
configure:1943:10: fatal error: ac_nonexistent.h: No such file or directory
 1943 | #include "confdefs.h"
      |          ^~~~~~~~~~~~      
compilation terminated.
configure:1952: $? = 1
configure: failed program was:
#line 1942 "configure"
#include "confdefs.h"
#include <ac_nonexistent.h>
configure:1994: checking for fcntl.h
configure:2004: gcc -E  conftest.c
configure:2010: $? = 0
configure:2029: result: yes
configure:1994: checking for limits.h
configure:2004: gcc -E  conftest.c
configure:2010: $? = 0
configure:2029: result: yes
configure:2042: checking for unistd.h
configure:2052: gcc -E  conftest.c
configure:2058: $? = 0
configure:2077: result: yes
configure:2090: checking for ANSI C header files
configure:2104: gcc -E  conftest.c
configure:2110: $? = 0
configure:2197: gcc -o conftest -g -O2   conftest.c  >&5
configure: In function 'main':
configure:2189:7: warning: implicit declaration of function 'exit' [-Wimplicit-function-declaration]
 2189 |   for (i = 0; i < 256; i++)
      |       ^~~~
configure:2189:7: warning: incompatible implicit declaration of built-in function 'exit'
configure:2173:1: note: include '<stdlib.h>' or provide a declaration of 'exit'
 2172 | #include "confdefs.h"
  +++ |+#include <stdlib.h>
 2173 | #include <ctype.h>
configure:2190:3: warning: incompatible implicit declaration of built-in function 'exit'
 2190 |     if (XOR (islower (i), ISLOWER (i))
      |   ^ ~~
configure:2190:3: note: include '<stdlib.h>' or provide a declaration of 'exit'
configure:2200: $? = 0
configure:2202: ./conftest
configure:2205: $? = 0
configure:2218: result: yes
configure:2231: checking for stdlib.h
configure:2241: gcc -E  conftest.c
configure:2247: $? = 0
configure:2266: result: yes
configure:2276: checking for working malloc
configure:2302: gcc -o conftest -g -O2   conftest.c  >&5
configure:2305: $? = 0
configure:2307: ./conftest
configure:2310: $? = 0
configure:2322: result: yes
configure:2413: creating ./config.status

## ----------------------- ##
## Running config.status.  ##
## ----------------------- ##

This file was extended by config.status (COFF2NOFF 1.0) 2.52, executed with
  CONFIG_FILES    = 
  CONFIG_HEADERS  = 
  CONFIG_LINKS    = 
  CONFIG_COMMANDS = 
  > ./config.status 
on minjisgear

config.status:2843: creating Makefile
config.status:2934: creating config.h
config.status:3075: config.h is unchanged

## ----------------- ##
## Cache variables.  ##
## ----------------- ##

ac_cv_c_compiler_gnu=yes
ac_cv_env_CC_set=
ac_cv_env_CC_value=
ac_cv_env_CFLAGS_set=
ac_cv_env_CFLAGS_value=
ac_cv_env_CPPFLAGS_set=
ac_cv_env_CPPFLAGS_value=
ac_cv_env_CPP_set=
ac_cv_env_CPP_value=
ac_cv_env_LDFLAGS_set=
ac_cv_env_LDFLAGS_value=
ac_cv_env_build_alias_set=
ac_cv_env_build_alias_value=
ac_cv_env_host_alias_set=
ac_cv_env_host_alias_value=
ac_cv_env_target_alias_set=
ac_cv_env_target_alias_value=
ac_cv_func_malloc_works=yes
ac_cv_header_fcntl_h=yes
ac_cv_header_limits_h=yes
ac_cv_header_stdc=yes
ac_cv_header_stdlib_h=yes
ac_cv_header_unistd_h=yes
ac_cv_objext=o
ac_cv_prog_CPP='gcc -E'
ac_cv_prog_ac_ct_CC=gcc
ac_cv_prog_ac_ct_LD=ld
ac_cv_prog_ac_ct_STRIP=strip
ac_cv_prog_cc_g=yes

## ------------ ##
## confdefs.h.  ##
## ------------ ##

#define HAVE_FCNTL_H 1
#define HAVE_LIMITS_H 1
#define HAVE_UNISTD_H 1
#define STDC_HEADERS 1
#define HAVE_STDLIB_H 1
#define HAVE_MALLOC 1


configure: exit 0
